<?xml version="1.0" encoding="UTF-8"?>
<robot generator="Robot 3.2.1 (Python 3.8.3 on win32)" generated="20200713 19:40:04.233" rpa="false">
<suite id="s1" name="ItroductionRobotFramework" source="C:\Users\Administrateur\eclipse-workspace\ItroductionRobotFramework">
<suite id="s1-s1" name="LoginRobotTest" source="C:\Users\Administrateur\eclipse-workspace\ItroductionRobotFramework\LoginRobotTest.robot">
<test id="s1-s1-t1" name="Login test">
<kw name="Open Browser" library="SeleniumLibrary">
<doc>Opens a new browser instance to the optional ``url``.</doc>
<arguments>
<arg>${URL}</arg>
<arg>${Browser}</arg>
</arguments>
<msg timestamp="20200713 19:40:08.606" level="INFO">Opening browser 'gc' to base url 'https://opensource-demo.orangehrmlive.com/index.php/auth/login'.</msg>
<status status="PASS" starttime="20200713 19:40:08.603" endtime="20200713 19:40:24.638"></status>
</kw>
<kw name="Maximize Browser Window" library="SeleniumLibrary">
<doc>Maximizes current browser window.</doc>
<status status="PASS" starttime="20200713 19:40:24.640" endtime="20200713 19:40:26.014"></status>
</kw>
<kw name="Set Browser Implicit Wait" library="SeleniumLibrary">
<doc>Sets the implicit wait value used by Selenium.</doc>
<arguments>
<arg>5</arg>
</arguments>
<status status="PASS" starttime="20200713 19:40:26.016" endtime="20200713 19:40:26.022"></status>
</kw>
<kw name="Input Text" library="SeleniumLibrary">
<doc>Types the given ``text`` into the text field identified by ``locator``.</doc>
<arguments>
<arg>id=txtUsername</arg>
<arg>&amp;{DataLogin}[Username]</arg>
</arguments>
<msg timestamp="20200713 19:40:26.028" level="WARN">Accessing variable items using '&amp;{DataLogin}[Username]' syntax is deprecated. Use '${DataLogin}[Username]' instead.</msg>
<msg timestamp="20200713 19:40:26.030" level="INFO">Typing text 'Admin' into text field 'id=txtUsername'.</msg>
<status status="PASS" starttime="20200713 19:40:26.024" endtime="20200713 19:40:26.595"></status>
</kw>
<kw name="Input Password" library="SeleniumLibrary">
<doc>Types the given password into the text field identified by ``locator``.</doc>
<arguments>
<arg>id=txtPassword</arg>
<arg>&amp;{DataLogin}[Password]</arg>
</arguments>
<msg timestamp="20200713 19:40:26.600" level="WARN">Accessing variable items using '&amp;{DataLogin}[Password]' syntax is deprecated. Use '${DataLogin}[Password]' instead.</msg>
<msg timestamp="20200713 19:40:26.602" level="INFO">Typing password into text field 'id=txtPassword'.</msg>
<msg timestamp="20200713 19:40:26.876" level="INFO">Temporally setting log level to: NONE</msg>
<msg timestamp="20200713 19:40:27.207" level="INFO">Log level changed from NONE to INFO.</msg>
<status status="PASS" starttime="20200713 19:40:26.597" endtime="20200713 19:40:27.208"></status>
</kw>
<kw name="Click Button" library="SeleniumLibrary">
<doc>Clicks the button identified by ``locator``.</doc>
<arguments>
<arg>id=btnLogin</arg>
</arguments>
<msg timestamp="20200713 19:40:27.213" level="INFO">Clicking button 'id=btnLogin'.</msg>
<status status="PASS" starttime="20200713 19:40:27.209" endtime="20200713 19:40:37.292"></status>
</kw>
<kw name="Click Element" library="SeleniumLibrary">
<doc>Click the element identified by ``locator``.</doc>
<arguments>
<arg>id=welcome</arg>
</arguments>
<msg timestamp="20200713 19:40:37.298" level="INFO">Clicking element 'id=welcome'.</msg>
<status status="PASS" starttime="20200713 19:40:37.294" endtime="20200713 19:40:37.753"></status>
</kw>
<kw name="Click Element" library="SeleniumLibrary">
<doc>Click the element identified by ``locator``.</doc>
<arguments>
<arg>link=Logout</arg>
</arguments>
<msg timestamp="20200713 19:40:37.757" level="INFO">Clicking element 'link=Logout'.</msg>
<status status="PASS" starttime="20200713 19:40:37.755" endtime="20200713 19:40:39.618"></status>
</kw>
<kw name="Log" library="BuiltIn">
<doc>Logs the given message with the given level.</doc>
<arguments>
<arg>Ceci est un test execute par %{username} dans %{os}</arg>
</arguments>
<msg timestamp="20200713 19:40:39.623" level="INFO">Ceci est un test execute par Administrateur dans Windows_NT</msg>
<status status="PASS" starttime="20200713 19:40:39.620" endtime="20200713 19:40:39.626"></status>
</kw>
<kw name="Log" library="BuiltIn">
<doc>Logs the given message with the given level.</doc>
<arguments>
<arg>Fin de test</arg>
</arguments>
<msg timestamp="20200713 19:40:39.636" level="INFO">Fin de test</msg>
<status status="PASS" starttime="20200713 19:40:39.627" endtime="20200713 19:40:39.637"></status>
</kw>
<doc>Ceci est un test de login</doc>
<status status="PASS" starttime="20200713 19:40:08.598" endtime="20200713 19:40:39.639" critical="yes"></status>
</test>
<status status="PASS" starttime="20200713 19:40:07.547" endtime="20200713 19:40:39.644"></status>
</suite>
<status status="PASS" starttime="20200713 19:40:07.367" endtime="20200713 19:40:39.672"></status>
</suite>
<statistics>
<total>
<stat pass="1" fail="0">Critical Tests</stat>
<stat pass="1" fail="0">All Tests</stat>
</total>
<tag>
</tag>
<suite>
<stat pass="1" fail="0" id="s1" name="ItroductionRobotFramework">ItroductionRobotFramework</stat>
<stat pass="1" fail="0" id="s1-s1" name="LoginRobotTest">ItroductionRobotFramework.LoginRobotTest</stat>
</suite>
</statistics>
<errors>
<msg timestamp="20200713 19:40:26.028" level="WARN">Accessing variable items using '&amp;{DataLogin}[Username]' syntax is deprecated. Use '${DataLogin}[Username]' instead.</msg>
<msg timestamp="20200713 19:40:26.600" level="WARN">Accessing variable items using '&amp;{DataLogin}[Password]' syntax is deprecated. Use '${DataLogin}[Password]' instead.</msg>
</errors>
</robot>
